<?xml version="1.0" encoding="UTF-8"?>
<coverage generated="1742812110">
  <project timestamp="1742812110">
    <package name="MulerTech\MTerm\Command">
      <file name="/home/runner/work/mterm/mterm/src/Command/AbstractCommand.php">
        <class name="MulerTech\MTerm\Command\AbstractCommand" namespace="MulerTech\MTerm\Command">
          <metrics complexity="4" methods="4" coveredmethods="4" conditionals="0" coveredconditionals="0" statements="4" coveredstatements="4" elements="8" coveredelements="8"/>
        </class>
        <line num="21" type="method" name="__construct" visibility="public" complexity="1" crap="1" count="3"/>
        <line num="23" type="stmt" count="3"/>
        <line num="29" type="method" name="getName" visibility="public" complexity="1" crap="1" count="2"/>
        <line num="31" type="stmt" count="2"/>
        <line num="37" type="method" name="getDescription" visibility="public" complexity="1" crap="1" count="2"/>
        <line num="39" type="stmt" count="2"/>
        <line num="46" type="method" name="showHelp" visibility="public" complexity="1" crap="1" count="1"/>
        <line num="48" type="stmt" count="1"/>
        <metrics loc="51" ncloc="33" classes="1" methods="4" coveredmethods="4" conditionals="0" coveredconditionals="0" statements="4" coveredstatements="4" elements="8" coveredelements="8"/>
      </file>
      <file name="/home/runner/work/mterm/mterm/src/Command/CommandRegistry.php">
        <class name="MulerTech\MTerm\Command\CommandRegistry" namespace="MulerTech\MTerm\Command">
          <metrics complexity="6" methods="5" coveredmethods="5" conditionals="0" coveredconditionals="0" statements="9" coveredstatements="9" elements="14" coveredelements="14"/>
        </class>
        <line num="25" type="method" name="register" visibility="public" complexity="1" crap="1" count="5"/>
        <line num="27" type="stmt" count="5"/>
        <line num="28" type="stmt" count="5"/>
        <line num="37" type="method" name="has" visibility="public" complexity="1" crap="1" count="2"/>
        <line num="39" type="stmt" count="2"/>
        <line num="48" type="method" name="get" visibility="public" complexity="1" crap="1" count="3"/>
        <line num="50" type="stmt" count="3"/>
        <line num="58" type="method" name="getAll" visibility="public" complexity="1" crap="1" count="1"/>
        <line num="60" type="stmt" count="1"/>
        <line num="71" type="method" name="execute" visibility="public" complexity="2" crap="2" count="2"/>
        <line num="73" type="stmt" count="2"/>
        <line num="75" type="stmt" count="2"/>
        <line num="76" type="stmt" count="1"/>
        <line num="79" type="stmt" count="1"/>
        <metrics loc="82" ncloc="43" classes="1" methods="5" coveredmethods="5" conditionals="0" coveredconditionals="0" statements="9" coveredstatements="9" elements="14" coveredelements="14"/>
      </file>
    </package>
    <file name="/home/runner/work/mterm/mterm/src/Command/CommandInterface.php">
      <metrics loc="34" ncloc="13" classes="0" methods="0" coveredmethods="0" conditionals="0" coveredconditionals="0" statements="0" coveredstatements="0" elements="0" coveredelements="0"/>
    </file>
    <package name="MulerTech\MTerm\Core">
      <file name="/home/runner/work/mterm/mterm/src/Core/Application.php">
        <class name="MulerTech\MTerm\Core\Application" namespace="MulerTech\MTerm\Core">
          <metrics complexity="6" methods="5" coveredmethods="5" conditionals="0" coveredconditionals="0" statements="8" coveredstatements="8" elements="13" coveredelements="13"/>
        </class>
        <line num="16" type="method" name="__construct" visibility="private" complexity="1" crap="1" count="4"/>
        <line num="18" type="stmt" count="4"/>
        <line num="19" type="stmt" count="4"/>
        <line num="25" type="method" name="getInstance" visibility="public" complexity="2" crap="2" count="4"/>
        <line num="27" type="stmt" count="4"/>
        <line num="28" type="stmt" count="4"/>
        <line num="31" type="stmt" count="4"/>
        <line num="37" type="method" name="getTerminal" visibility="public" complexity="1" crap="1" count="1"/>
        <line num="39" type="stmt" count="1"/>
        <line num="45" type="method" name="getCommandRunner" visibility="public" complexity="1" crap="1" count="1"/>
        <line num="47" type="stmt" count="1"/>
        <line num="53" type="method" name="run" visibility="public" complexity="1" crap="1" count="1"/>
        <line num="56" type="stmt" count="1"/>
        <metrics loc="61" ncloc="42" classes="1" methods="5" coveredmethods="5" conditionals="0" coveredconditionals="0" statements="8" coveredstatements="8" elements="13" coveredelements="13"/>
      </file>
      <file name="/home/runner/work/mterm/mterm/src/Core/CommandRunner.php">
        <class name="MulerTech\MTerm\Core\CommandRunner" namespace="MulerTech\MTerm\Core">
          <metrics complexity="3" methods="2" coveredmethods="2" conditionals="0" coveredconditionals="0" statements="25" coveredstatements="25" elements="27" coveredelements="27"/>
        </class>
        <line num="18" type="method" name="run" visibility="public" complexity="1" crap="1" count="2"/>
        <line num="20" type="stmt" count="2"/>
        <line num="21" type="stmt" count="2"/>
        <line num="23" type="stmt" count="2"/>
        <line num="25" type="stmt" count="2"/>
        <line num="26" type="stmt" count="2"/>
        <line num="27" type="stmt" count="2"/>
        <line num="28" type="stmt" count="2"/>
        <line num="35" type="method" name="runWithStderr" visibility="public" complexity="2" crap="2" count="2"/>
        <line num="37" type="stmt" count="2"/>
        <line num="38" type="stmt" count="2"/>
        <line num="39" type="stmt" count="2"/>
        <line num="40" type="stmt" count="2"/>
        <line num="41" type="stmt" count="2"/>
        <line num="43" type="stmt" count="2"/>
        <line num="44" type="stmt" count="2"/>
        <line num="46" type="stmt" count="2"/>
        <line num="47" type="stmt" count="2"/>
        <line num="49" type="stmt" count="2"/>
        <line num="50" type="stmt" count="2"/>
        <line num="51" type="stmt" count="2"/>
        <line num="53" type="stmt" count="2"/>
        <line num="55" type="stmt" count="2"/>
        <line num="56" type="stmt" count="2"/>
        <line num="57" type="stmt" count="2"/>
        <line num="58" type="stmt" count="2"/>
        <line num="59" type="stmt" count="2"/>
        <metrics loc="62" ncloc="45" classes="1" methods="2" coveredmethods="2" conditionals="0" coveredconditionals="0" statements="25" coveredstatements="25" elements="27" coveredelements="27"/>
      </file>
      <file name="/home/runner/work/mterm/mterm/src/Core/Terminal.php">
        <class name="MulerTech\MTerm\Core\Terminal" namespace="MulerTech\MTerm\Core">
          <metrics complexity="23" methods="10" coveredmethods="10" conditionals="0" coveredconditionals="0" statements="25" coveredstatements="25" elements="35" coveredelements="35"/>
        </class>
        <line num="35" type="method" name="read" visibility="public" complexity="4" crap="4" count="1"/>
        <line num="37" type="stmt" count="1"/>
        <line num="38" type="stmt" count="1"/>
        <line num="41" type="stmt" count="1"/>
        <line num="43" type="stmt" count="1"/>
        <line num="45" type="stmt" count="1"/>
        <line num="52" type="method" name="readChar" visibility="public" complexity="4" crap="4" count="1"/>
        <line num="54" type="stmt" count="1"/>
        <line num="55" type="stmt" count="1"/>
        <line num="58" type="stmt" count="1"/>
        <line num="60" type="stmt" count="1"/>
        <line num="62" type="stmt" count="1"/>
        <line num="71" type="method" name="write" visibility="public" complexity="5" crap="5" count="4"/>
        <line num="73" type="stmt" count="4"/>
        <line num="74" type="stmt" count="2"/>
        <line num="75" type="stmt" count="2"/>
        <line num="76" type="stmt" count="2"/>
        <line num="77" type="stmt" count="2"/>
        <line num="81" type="stmt" count="2"/>
        <line num="90" type="method" name="writeLine" visibility="public" complexity="1" crap="1" count="2"/>
        <line num="92" type="stmt" count="2"/>
        <line num="98" type="method" name="clear" visibility="public" complexity="2" crap="2" count="1"/>
        <line num="100" type="stmt" count="1"/>
        <line num="106" type="method" name="specialMode" visibility="public" complexity="1" crap="1" count="1"/>
        <line num="108" type="stmt" count="1"/>
        <line num="114" type="method" name="normalMode" visibility="public" complexity="1" crap="1" count="1"/>
        <line num="116" type="stmt" count="1"/>
        <line num="119" type="method" name="system" visibility="public" complexity="1" crap="1" count="1"/>
        <line num="121" type="stmt" count="1"/>
        <line num="127" type="method" name="supportsAnsi" visibility="public" complexity="3" crap="3" count="1"/>
        <line num="129" type="stmt" count="1"/>
        <line num="130" type="stmt" count="1"/>
        <line num="131" type="stmt" count="1"/>
        <line num="137" type="method" name="inputStream" visibility="public" complexity="1" crap="1" count="1"/>
        <line num="139" type="stmt" count="1"/>
        <metrics loc="142" ncloc="102" classes="1" methods="10" coveredmethods="10" conditionals="0" coveredconditionals="0" statements="25" coveredstatements="25" elements="35" coveredelements="35"/>
      </file>
    </package>
    <package name="MulerTech\MTerm\Form\Field">
      <file name="/home/runner/work/mterm/mterm/src/Form/Field/AbstractField.php">
        <class name="MulerTech\MTerm\Form\Field\AbstractField" namespace="MulerTech\MTerm\Form\Field">
          <metrics complexity="23" methods="14" coveredmethods="14" conditionals="0" coveredconditionals="0" statements="31" coveredstatements="31" elements="45" coveredelements="45"/>
        </class>
        <line num="38" type="method" name="__construct" visibility="public" complexity="1" crap="1" count="102"/>
        <line num="40" type="stmt" count="102"/>
        <line num="41" type="stmt" count="102"/>
        <line num="47" type="method" name="getName" visibility="public" complexity="1" crap="1" count="10"/>
        <line num="49" type="stmt" count="10"/>
        <line num="55" type="method" name="getLabel" visibility="public" complexity="1" crap="1" count="12"/>
        <line num="57" type="stmt" count="12"/>
        <line num="63" type="method" name="getDescription" visibility="public" complexity="1" crap="1" count="10"/>
        <line num="65" type="stmt" count="10"/>
        <line num="72" type="method" name="setDescription" visibility="public" complexity="1" crap="1" count="5"/>
        <line num="74" type="stmt" count="5"/>
        <line num="75" type="stmt" count="5"/>
        <line num="81" type="method" name="isRequired" visibility="public" complexity="1" crap="1" count="12"/>
        <line num="83" type="stmt" count="12"/>
        <line num="90" type="method" name="setRequired" visibility="public" complexity="1" crap="1" count="20"/>
        <line num="92" type="stmt" count="20"/>
        <line num="93" type="stmt" count="20"/>
        <line num="99" type="method" name="getDefault" visibility="public" complexity="1" crap="1" count="4"/>
        <line num="101" type="stmt" count="4"/>
        <line num="108" type="method" name="setDefault" visibility="public" complexity="1" crap="1" count="14"/>
        <line num="110" type="stmt" count="14"/>
        <line num="111" type="stmt" count="14"/>
        <line num="117" type="method" name="clearErrors" visibility="public" complexity="1" crap="1" count="13"/>
        <line num="119" type="stmt" count="13"/>
        <line num="126" type="method" name="addValidator" visibility="public" complexity="1" crap="1" count="2"/>
        <line num="128" type="stmt" count="2"/>
        <line num="129" type="stmt" count="2"/>
        <line num="136" type="method" name="validate" visibility="public" complexity="7" crap="7" count="62"/>
        <line num="139" type="stmt" count="62"/>
        <line num="140" type="stmt" count="14"/>
        <line num="141" type="stmt" count="14"/>
        <line num="145" type="stmt" count="59"/>
        <line num="146" type="stmt" count="2"/>
        <line num="147" type="stmt" count="2"/>
        <line num="148" type="stmt" count="2"/>
        <line num="152" type="stmt" count="59"/>
        <line num="159" type="method" name="processInput" visibility="public" complexity="4" crap="4" count="7"/>
        <line num="161" type="stmt" count="7"/>
        <line num="162" type="stmt" count="6"/>
        <line num="165" type="stmt" count="5"/>
        <line num="166" type="stmt" count="4"/>
        <line num="169" type="stmt" count="1"/>
        <line num="178" type="method" name="setTerminal" visibility="public" complexity="1" crap="1" count="29"/>
        <line num="180" type="stmt" count="29"/>
        <line num="181" type="stmt" count="29"/>
        <metrics loc="184" ncloc="116" classes="1" methods="14" coveredmethods="14" conditionals="0" coveredconditionals="0" statements="31" coveredstatements="31" elements="45" coveredelements="45"/>
      </file>
      <file name="/home/runner/work/mterm/mterm/src/Form/Field/CheckboxField.php">
        <class name="MulerTech\MTerm\Form\Field\CheckboxField" namespace="MulerTech\MTerm\Form\Field">
          <metrics complexity="7" methods="3" coveredmethods="3" conditionals="0" coveredconditionals="0" statements="10" coveredstatements="10" elements="13" coveredelements="13"/>
        </class>
        <line num="19" type="method" name="setCheckedValue" visibility="public" complexity="1" crap="1" count="2"/>
        <line num="21" type="stmt" count="2"/>
        <line num="22" type="stmt" count="2"/>
        <line num="29" type="method" name="setUncheckedValue" visibility="public" complexity="1" crap="1" count="2"/>
        <line num="31" type="stmt" count="2"/>
        <line num="32" type="stmt" count="2"/>
        <line num="39" type="method" name="processInput" visibility="public" complexity="5" crap="5" count="9"/>
        <line num="41" type="stmt" count="9"/>
        <line num="42" type="stmt" count="1"/>
        <line num="45" type="stmt" count="8"/>
        <line num="46" type="stmt" count="8"/>
        <line num="47" type="stmt" count="6"/>
        <line num="48" type="stmt" count="8"/>
        <metrics loc="51" ncloc="34" classes="1" methods="3" coveredmethods="3" conditionals="0" coveredconditionals="0" statements="10" coveredstatements="10" elements="13" coveredelements="13"/>
      </file>
      <file name="/home/runner/work/mterm/mterm/src/Form/Field/ColorField.php">
        <class name="MulerTech\MTerm\Form\Field\ColorField" namespace="MulerTech\MTerm\Form\Field">
          <metrics complexity="4" methods="1" coveredmethods="1" conditionals="0" coveredconditionals="0" statements="7" coveredstatements="7" elements="8" coveredelements="8"/>
        </class>
        <line num="16" type="method" name="validate" visibility="public" complexity="4" crap="4" count="5"/>
        <line num="18" type="stmt" count="5"/>
        <line num="20" type="stmt" count="5"/>
        <line num="21" type="stmt" count="2"/>
        <line num="24" type="stmt" count="5"/>
        <line num="26" type="stmt" count="3"/>
        <line num="27" type="stmt" count="1"/>
        <line num="31" type="stmt" count="5"/>
        <metrics loc="34" ncloc="24" classes="1" methods="1" coveredmethods="1" conditionals="0" coveredconditionals="0" statements="7" coveredstatements="7" elements="8" coveredelements="8"/>
      </file>
      <file name="/home/runner/work/mterm/mterm/src/Form/Field/DateField.php">
        <class name="MulerTech\MTerm\Form\Field\DateField" namespace="MulerTech\MTerm\Form\Field">
          <metrics complexity="13" methods="4" coveredmethods="4" conditionals="0" coveredconditionals="0" statements="18" coveredstatements="18" elements="22" coveredelements="22"/>
        </class>
        <line num="20" type="method" name="setFormat" visibility="public" complexity="1" crap="1" count="4"/>
        <line num="22" type="stmt" count="4"/>
        <line num="23" type="stmt" count="4"/>
        <line num="29" type="method" name="getFormat" visibility="public" complexity="1" crap="1" count="1"/>
        <line num="31" type="stmt" count="1"/>
        <line num="38" type="method" name="processInput" visibility="public" complexity="5" crap="5" count="3"/>
        <line num="40" type="stmt" count="3"/>
        <line num="41" type="stmt" count="1"/>
        <line num="44" type="stmt" count="2"/>
        <line num="45" type="stmt" count="2"/>
        <line num="46" type="stmt" count="1"/>
        <line num="49" type="stmt" count="1"/>
        <line num="56" type="method" name="validate" visibility="public" complexity="6" crap="6" count="4"/>
        <line num="58" type="stmt" count="4"/>
        <line num="60" type="stmt" count="4"/>
        <line num="61" type="stmt" count="1"/>
        <line num="64" type="stmt" count="3"/>
        <line num="65" type="stmt" count="3"/>
        <line num="67" type="stmt" count="3"/>
        <line num="69" type="stmt" count="3"/>
        <line num="70" type="stmt" count="2"/>
        <line num="74" type="stmt" count="3"/>
        <metrics loc="77" ncloc="56" classes="1" methods="4" coveredmethods="4" conditionals="0" coveredconditionals="0" statements="18" coveredstatements="18" elements="22" coveredelements="22"/>
      </file>
      <file name="/home/runner/work/mterm/mterm/src/Form/Field/EmailField.php">
        <class name="MulerTech\MTerm\Form\Field\EmailField" namespace="MulerTech\MTerm\Form\Field">
          <metrics complexity="4" methods="1" coveredmethods="1" conditionals="0" coveredconditionals="0" statements="6" coveredstatements="6" elements="7" coveredelements="7"/>
        </class>
        <line num="16" type="method" name="validate" visibility="public" complexity="4" crap="4" count="5"/>
        <line num="18" type="stmt" count="5"/>
        <line num="20" type="stmt" count="5"/>
        <line num="21" type="stmt" count="2"/>
        <line num="24" type="stmt" count="3"/>
        <line num="25" type="stmt" count="1"/>
        <line num="28" type="stmt" count="3"/>
        <metrics loc="31" ncloc="22" classes="1" methods="1" coveredmethods="1" conditionals="0" coveredconditionals="0" statements="6" coveredstatements="6" elements="7" coveredelements="7"/>
      </file>
      <file name="/home/runner/work/mterm/mterm/src/Form/Field/FileField.php">
        <class name="MulerTech\MTerm\Form\Field\FileField" namespace="MulerTech\MTerm\Form\Field">
          <metrics complexity="13" methods="4" coveredmethods="4" conditionals="0" coveredconditionals="0" statements="25" coveredstatements="25" elements="29" coveredelements="29"/>
        </class>
        <line num="20" type="method" name="setAllowedExtensions" visibility="public" complexity="1" crap="1" count="5"/>
        <line num="22" type="stmt" count="5"/>
        <line num="23" type="stmt" count="5"/>
        <line num="30" type="method" name="setMaxSize" visibility="public" complexity="1" crap="1" count="4"/>
        <line num="32" type="stmt" count="4"/>
        <line num="33" type="stmt" count="4"/>
        <line num="40" type="method" name="processInput" visibility="public" complexity="3" crap="3" count="2"/>
        <line num="42" type="stmt" count="2"/>
        <line num="43" type="stmt" count="1"/>
        <line num="46" type="stmt" count="1"/>
        <line num="53" type="method" name="validate" visibility="public" complexity="8" crap="8" count="11"/>
        <line num="55" type="stmt" count="11"/>
        <line num="57" type="stmt" count="11"/>
        <line num="58" type="stmt" count="1"/>
        <line num="61" type="stmt" count="10"/>
        <line num="62" type="stmt" count="9"/>
        <line num="63" type="stmt" count="1"/>
        <line num="64" type="stmt" count="1"/>
        <line num="67" type="stmt" count="8"/>
        <line num="68" type="stmt" count="5"/>
        <line num="69" type="stmt" count="5"/>
        <line num="70" type="stmt" count="3"/>
        <line num="71" type="stmt" count="3"/>
        <line num="75" type="stmt" count="8"/>
        <line num="76" type="stmt" count="4"/>
        <line num="77" type="stmt" count="4"/>
        <line num="78" type="stmt" count="3"/>
        <line num="79" type="stmt" count="3"/>
        <line num="84" type="stmt" count="9"/>
        <metrics loc="87" ncloc="65" classes="1" methods="4" coveredmethods="4" conditionals="0" coveredconditionals="0" statements="25" coveredstatements="25" elements="29" coveredelements="29"/>
      </file>
      <file name="/home/runner/work/mterm/mterm/src/Form/Field/NumberField.php">
        <class name="MulerTech\MTerm\Form\Field\NumberField" namespace="MulerTech\MTerm\Form\Field">
          <metrics complexity="18" methods="5" coveredmethods="5" conditionals="0" coveredconditionals="0" statements="23" coveredstatements="23" elements="28" coveredelements="28"/>
        </class>
        <line num="20" type="method" name="setMin" visibility="public" complexity="1" crap="1" count="8"/>
        <line num="22" type="stmt" count="8"/>
        <line num="23" type="stmt" count="8"/>
        <line num="30" type="method" name="setMax" visibility="public" complexity="1" crap="1" count="8"/>
        <line num="32" type="stmt" count="8"/>
        <line num="33" type="stmt" count="8"/>
        <line num="40" type="method" name="setAllowFloat" visibility="public" complexity="1" crap="1" count="4"/>
        <line num="42" type="stmt" count="4"/>
        <line num="43" type="stmt" count="4"/>
        <line num="50" type="method" name="processInput" visibility="public" complexity="4" crap="4" count="3"/>
        <line num="52" type="stmt" count="3"/>
        <line num="53" type="stmt" count="1"/>
        <line num="56" type="stmt" count="2"/>
        <line num="63" type="method" name="validate" visibility="public" complexity="11" crap="11" count="11"/>
        <line num="65" type="stmt" count="11"/>
        <line num="67" type="stmt" count="11"/>
        <line num="68" type="stmt" count="2"/>
        <line num="71" type="stmt" count="10"/>
        <line num="72" type="stmt" count="8"/>
        <line num="73" type="stmt" count="1"/>
        <line num="74" type="stmt" count="1"/>
        <line num="77" type="stmt" count="7"/>
        <line num="78" type="stmt" count="2"/>
        <line num="81" type="stmt" count="7"/>
        <line num="82" type="stmt" count="4"/>
        <line num="85" type="stmt" count="7"/>
        <line num="86" type="stmt" count="4"/>
        <line num="90" type="stmt" count="9"/>
        <metrics loc="93" ncloc="68" classes="1" methods="5" coveredmethods="5" conditionals="0" coveredconditionals="0" statements="23" coveredstatements="23" elements="28" coveredelements="28"/>
      </file>
      <file name="/home/runner/work/mterm/mterm/src/Form/Field/PasswordField.php">
        <class name="MulerTech\MTerm\Form\Field\PasswordField" namespace="MulerTech\MTerm\Form\Field">
          <metrics complexity="19" methods="7" coveredmethods="7" conditionals="0" coveredconditionals="0" statements="37" coveredstatements="37" elements="44" coveredelements="44"/>
        </class>
        <line num="20" type="method" name="isMaskInput" visibility="public" complexity="1" crap="1" count="3"/>
        <line num="22" type="stmt" count="3"/>
        <line num="29" type="method" name="setMaskInput" visibility="public" complexity="1" crap="1" count="2"/>
        <line num="31" type="stmt" count="2"/>
        <line num="32" type="stmt" count="2"/>
        <line num="38" type="method" name="getMaskChar" visibility="public" complexity="1" crap="1" count="4"/>
        <line num="40" type="stmt" count="4"/>
        <line num="47" type="method" name="setMaskChar" visibility="public" complexity="1" crap="1" count="1"/>
        <line num="49" type="stmt" count="1"/>
        <line num="50" type="stmt" count="1"/>
        <line num="57" type="method" name="parseInput" visibility="public" complexity="3" crap="3" count="3"/>
        <line num="59" type="stmt" count="3"/>
        <line num="60" type="stmt" count="1"/>
        <line num="63" type="stmt" count="3"/>
        <line num="72" type="method" name="processInput" visibility="public" complexity="10" crap="10" count="5"/>
        <line num="74" type="stmt" count="5"/>
        <line num="75" type="stmt" count="1"/>
        <line num="76" type="stmt" count="1"/>
        <line num="79" type="stmt" count="4"/>
        <line num="81" type="stmt" count="4"/>
        <line num="82" type="stmt" count="1"/>
        <line num="85" type="stmt" count="3"/>
        <line num="87" type="stmt" count="3"/>
        <line num="89" type="stmt" count="3"/>
        <line num="90" type="stmt" count="3"/>
        <line num="92" type="stmt" count="3"/>
        <line num="94" type="stmt" count="3"/>
        <line num="95" type="stmt" count="3"/>
        <line num="98" type="stmt" count="3"/>
        <line num="99" type="stmt" count="3"/>
        <line num="100" type="stmt" count="3"/>
        <line num="104" type="stmt" count="2"/>
        <line num="105" type="stmt" count="2"/>
        <line num="106" type="stmt" count="2"/>
        <line num="107" type="stmt" count="2"/>
        <line num="110" type="stmt" count="2"/>
        <line num="111" type="stmt" count="2"/>
        <line num="112" type="stmt" count="2"/>
        <line num="116" type="stmt" count="3"/>
        <line num="117" type="stmt" count="3"/>
        <line num="125" type="method" name="buildPrompt" visibility="private" complexity="2" crap="2" count="3"/>
        <line num="127" type="stmt" count="3"/>
        <line num="128" type="stmt" count="3"/>
        <line num="129" type="stmt" count="3"/>
        <metrics loc="132" ncloc="95" classes="1" methods="7" coveredmethods="7" conditionals="0" coveredconditionals="0" statements="37" coveredstatements="37" elements="44" coveredelements="44"/>
      </file>
      <file name="/home/runner/work/mterm/mterm/src/Form/Field/RadioField.php">
        <class name="MulerTech\MTerm\Form\Field\RadioField" namespace="MulerTech\MTerm\Form\Field">
          <metrics complexity="2" methods="2" coveredmethods="2" conditionals="0" coveredconditionals="0" statements="3" coveredstatements="3" elements="5" coveredelements="5"/>
        </class>
        <line num="16" type="method" name="__construct" visibility="public" complexity="1" crap="1" count="7"/>
        <line num="18" type="stmt" count="7"/>
        <line num="19" type="stmt" count="7"/>
        <line num="26" type="method" name="setMultipleSelection" visibility="public" complexity="1" crap="1" count="1"/>
        <line num="29" type="stmt" count="1"/>
        <metrics loc="32" ncloc="18" classes="1" methods="2" coveredmethods="2" conditionals="0" coveredconditionals="0" statements="3" coveredstatements="3" elements="5" coveredelements="5"/>
      </file>
      <file name="/home/runner/work/mterm/mterm/src/Form/Field/RangeField.php">
        <class name="MulerTech\MTerm\Form\Field\RangeField" namespace="MulerTech\MTerm\Form\Field">
          <metrics complexity="8" methods="4" coveredmethods="4" conditionals="0" coveredconditionals="0" statements="13" coveredstatements="13" elements="17" coveredelements="17"/>
        </class>
        <line num="18" type="method" name="__construct" visibility="public" complexity="1" crap="1" count="6"/>
        <line num="20" type="stmt" count="6"/>
        <line num="21" type="stmt" count="6"/>
        <line num="22" type="stmt" count="6"/>
        <line num="29" type="method" name="setStep" visibility="public" complexity="1" crap="1" count="2"/>
        <line num="31" type="stmt" count="2"/>
        <line num="32" type="stmt" count="2"/>
        <line num="38" type="method" name="getStep" visibility="public" complexity="1" crap="1" count="2"/>
        <line num="40" type="stmt" count="2"/>
        <line num="47" type="method" name="validate" visibility="public" complexity="5" crap="5" count="4"/>
        <line num="49" type="stmt" count="4"/>
        <line num="51" type="stmt" count="4"/>
        <line num="52" type="stmt" count="1"/>
        <line num="55" type="stmt" count="4"/>
        <line num="56" type="stmt" count="3"/>
        <line num="57" type="stmt" count="1"/>
        <line num="61" type="stmt" count="4"/>
        <metrics loc="64" ncloc="44" classes="1" methods="4" coveredmethods="4" conditionals="0" coveredconditionals="0" statements="13" coveredstatements="13" elements="17" coveredelements="17"/>
      </file>
      <file name="/home/runner/work/mterm/mterm/src/Form/Field/SelectField.php">
        <class name="MulerTech\MTerm\Form\Field\SelectField" namespace="MulerTech\MTerm\Form\Field">
          <metrics complexity="51" methods="15" coveredmethods="15" conditionals="0" coveredconditionals="0" statements="105" coveredstatements="105" elements="120" coveredelements="120"/>
        </class>
        <line num="34" type="method" name="__construct" visibility="public" complexity="1" crap="1" count="17"/>
        <line num="36" type="stmt" count="17"/>
        <line num="37" type="stmt" count="17"/>
        <line num="38" type="stmt" count="17"/>
        <line num="45" type="method" name="setOptions" visibility="public" complexity="1" crap="1" count="12"/>
        <line num="47" type="stmt" count="12"/>
        <line num="48" type="stmt" count="12"/>
        <line num="55" type="method" name="setMultipleSelection" visibility="public" complexity="1" crap="1" count="5"/>
        <line num="57" type="stmt" count="5"/>
        <line num="58" type="stmt" count="5"/>
        <line num="64" type="method" name="isMultipleSelection" visibility="public" complexity="1" crap="1" count="5"/>
        <line num="66" type="stmt" count="5"/>
        <line num="73" type="method" name="parseInput" visibility="public" complexity="9" crap="9" count="5"/>
        <line num="76" type="stmt" count="5"/>
        <line num="78" type="stmt" count="3"/>
        <line num="79" type="stmt" count="1"/>
        <line num="80" type="stmt" count="3"/>
        <line num="81" type="stmt" count="1"/>
        <line num="82" type="stmt" count="3"/>
        <line num="83" type="stmt" count="1"/>
        <line num="84" type="stmt" count="1"/>
        <line num="85" type="stmt" count="1"/>
        <line num="87" type="stmt" count="1"/>
        <line num="89" type="stmt" count="3"/>
        <line num="90" type="stmt" count="1"/>
        <line num="93" type="stmt" count="3"/>
        <line num="97" type="stmt" count="2"/>
        <line num="98" type="stmt" count="1"/>
        <line num="99" type="stmt" count="2"/>
        <line num="100" type="stmt" count="1"/>
        <line num="103" type="stmt" count="2"/>
        <line num="111" type="method" name="processInput" visibility="public" complexity="3" crap="3" count="6"/>
        <line num="113" type="stmt" count="6"/>
        <line num="115" type="stmt" count="6"/>
        <line num="116" type="stmt" count="1"/>
        <line num="119" type="stmt" count="5"/>
        <line num="121" type="stmt" count="5"/>
        <line num="122" type="stmt" count="3"/>
        <line num="125" type="stmt" count="2"/>
        <line num="131" type="method" name="renderSelectMultipleField" visibility="public" complexity="4" crap="4" count="3"/>
        <line num="133" type="stmt" count="3"/>
        <line num="135" type="stmt" count="3"/>
        <line num="137" type="stmt" count="3"/>
        <line num="138" type="stmt" count="2"/>
        <line num="141" type="stmt" count="1"/>
        <line num="143" type="stmt" count="1"/>
        <line num="149" type="method" name="renderSelectSingleField" visibility="public" complexity="3" crap="3" count="2"/>
        <line num="151" type="stmt" count="2"/>
        <line num="153" type="stmt" count="2"/>
        <line num="155" type="stmt" count="2"/>
        <line num="156" type="stmt" count="2"/>
        <line num="158" type="stmt" count="2"/>
        <line num="164" type="method" name="handleSelectField" visibility="private" complexity="2" crap="2" count="5"/>
        <line num="166" type="stmt" count="5"/>
        <line num="167" type="stmt" count="5"/>
        <line num="169" type="stmt" count="5"/>
        <line num="170" type="stmt" count="3"/>
        <line num="173" type="stmt" count="5"/>
        <line num="174" type="stmt" count="5"/>
        <line num="175" type="stmt" count="5"/>
        <line num="177" type="stmt" count="5"/>
        <line num="179" type="stmt" count="5"/>
        <line num="180" type="stmt" count="5"/>
        <line num="187" type="method" name="handleSelectKeyboardInput" visibility="private" complexity="6" crap="6" count="5"/>
        <line num="189" type="stmt" count="5"/>
        <line num="190" type="stmt" count="5"/>
        <line num="192" type="stmt" count="5"/>
        <line num="193" type="stmt" count="5"/>
        <line num="196" type="stmt" count="3"/>
        <line num="197" type="stmt" count="2"/>
        <line num="198" type="stmt" count="2"/>
        <line num="201" type="stmt" count="2"/>
        <line num="202" type="stmt" count="1"/>
        <line num="203" type="stmt" count="1"/>
        <line num="204" type="stmt" count="1"/>
        <line num="207" type="stmt" count="2"/>
        <line num="208" type="stmt" count="1"/>
        <line num="209" type="stmt" count="1"/>
        <line num="210" type="stmt" count="1"/>
        <line num="219" type="method" name="handleArrowKey" visibility="private" complexity="3" crap="3" count="2"/>
        <line num="221" type="stmt" count="2"/>
        <line num="223" type="stmt" count="2"/>
        <line num="224" type="stmt" count="2"/>
        <line num="225" type="stmt" count="2"/>
        <line num="226" type="stmt" count="2"/>
        <line num="227" type="stmt" count="2"/>
        <line num="228" type="stmt" count="2"/>
        <line num="229" type="stmt" count="2"/>
        <line num="230" type="stmt" count="2"/>
        <line num="231" type="stmt" count="2"/>
        <line num="239" type="method" name="validate" visibility="public" complexity="9" crap="9" count="11"/>
        <line num="241" type="stmt" count="11"/>
        <line num="243" type="stmt" count="11"/>
        <line num="244" type="stmt" count="1"/>
        <line num="247" type="stmt" count="10"/>
        <line num="248" type="stmt" count="4"/>
        <line num="249" type="stmt" count="4"/>
        <line num="250" type="stmt" count="1"/>
        <line num="254" type="stmt" count="4"/>
        <line num="257" type="stmt" count="6"/>
        <line num="258" type="stmt" count="2"/>
        <line num="261" type="stmt" count="6"/>
        <line num="269" type="method" name="getCurrentOption" visibility="public" complexity="1" crap="1" count="2"/>
        <line num="271" type="stmt" count="2"/>
        <line num="272" type="stmt" count="2"/>
        <line num="278" type="method" name="buildPrompt" visibility="private" complexity="2" crap="2" count="5"/>
        <line num="280" type="stmt" count="5"/>
        <line num="281" type="stmt" count="5"/>
        <line num="282" type="stmt" count="5"/>
        <line num="291" type="method" name="processSelect" visibility="private" complexity="5" crap="5" count="5"/>
        <line num="293" type="stmt" count="5"/>
        <line num="294" type="stmt" count="5"/>
        <line num="295" type="stmt" count="5"/>
        <line num="297" type="stmt" count="5"/>
        <line num="298" type="stmt" count="5"/>
        <line num="299" type="stmt" count="3"/>
        <line num="300" type="stmt" count="3"/>
        <line num="302" type="stmt" count="5"/>
        <line num="303" type="stmt" count="5"/>
        <line num="306" type="stmt" count="5"/>
        <metrics loc="309" ncloc="232" classes="1" methods="15" coveredmethods="15" conditionals="0" coveredconditionals="0" statements="105" coveredstatements="105" elements="120" coveredelements="120"/>
      </file>
      <file name="/home/runner/work/mterm/mterm/src/Form/Field/TextField.php">
        <class name="MulerTech\MTerm\Form\Field\TextField" namespace="MulerTech\MTerm\Form\Field">
          <metrics complexity="8" methods="3" coveredmethods="3" conditionals="0" coveredconditionals="0" statements="14" coveredstatements="14" elements="17" coveredelements="17"/>
        </class>
        <line num="19" type="method" name="setMinLength" visibility="public" complexity="1" crap="1" count="5"/>
        <line num="21" type="stmt" count="5"/>
        <line num="22" type="stmt" count="5"/>
        <line num="29" type="method" name="setMaxLength" visibility="public" complexity="1" crap="1" count="4"/>
        <line num="31" type="stmt" count="4"/>
        <line num="32" type="stmt" count="4"/>
        <line num="39" type="method" name="validate" visibility="public" complexity="6" crap="6" count="29"/>
        <line num="41" type="stmt" count="29"/>
        <line num="43" type="stmt" count="29"/>
        <line num="44" type="stmt" count="9"/>
        <line num="47" type="stmt" count="25"/>
        <line num="48" type="stmt" count="22"/>
        <line num="50" type="stmt" count="22"/>
        <line num="51" type="stmt" count="5"/>
        <line num="54" type="stmt" count="22"/>
        <line num="55" type="stmt" count="4"/>
        <line num="59" type="stmt" count="25"/>
        <metrics loc="62" ncloc="45" classes="1" methods="3" coveredmethods="3" conditionals="0" coveredconditionals="0" statements="14" coveredstatements="14" elements="17" coveredelements="17"/>
      </file>
      <file name="/home/runner/work/mterm/mterm/src/Form/Field/UrlField.php">
        <class name="MulerTech\MTerm\Form\Field\UrlField" namespace="MulerTech\MTerm\Form\Field">
          <metrics complexity="4" methods="1" coveredmethods="1" conditionals="0" coveredconditionals="0" statements="6" coveredstatements="6" elements="7" coveredelements="7"/>
        </class>
        <line num="16" type="method" name="validate" visibility="public" complexity="4" crap="4" count="6"/>
        <line num="18" type="stmt" count="6"/>
        <line num="20" type="stmt" count="6"/>
        <line num="21" type="stmt" count="1"/>
        <line num="24" type="stmt" count="5"/>
        <line num="25" type="stmt" count="2"/>
        <line num="28" type="stmt" count="5"/>
        <metrics loc="31" ncloc="22" classes="1" methods="1" coveredmethods="1" conditionals="0" coveredconditionals="0" statements="6" coveredstatements="6" elements="7" coveredelements="7"/>
      </file>
    </package>
    <file name="/home/runner/work/mterm/mterm/src/Form/Field/FieldInterface.php">
      <metrics loc="94" ncloc="33" classes="0" methods="0" coveredmethods="0" conditionals="0" coveredconditionals="0" statements="0" coveredstatements="0" elements="0" coveredelements="0"/>
    </file>
    <package name="MulerTech\MTerm\Form\Field\Template">
      <file name="/home/runner/work/mterm/mterm/src/Form/Field/Template/SelectMultipleArrowTemplate.php">
        <class name="MulerTech\MTerm\Form\Field\Template\SelectMultipleArrowTemplate" namespace="MulerTech\MTerm\Form\Field\Template">
          <metrics complexity="1" methods="1" coveredmethods="1" conditionals="0" coveredconditionals="0" statements="4" coveredstatements="4" elements="5" coveredelements="5"/>
        </class>
        <line num="19" type="method" name="__construct" visibility="public" complexity="1" crap="1" count="2"/>
        <line num="21" type="stmt" count="2"/>
        <line num="22" type="stmt" count="2"/>
        <line num="23" type="stmt" count="2"/>
        <line num="24" type="stmt" count="2"/>
        <metrics loc="27" ncloc="17" classes="1" methods="1" coveredmethods="1" conditionals="0" coveredconditionals="0" statements="4" coveredstatements="4" elements="5" coveredelements="5"/>
      </file>
      <file name="/home/runner/work/mterm/mterm/src/Form/Field/Template/SelectSingleArrowTemplate.php">
        <class name="MulerTech\MTerm\Form\Field\Template\SelectSingleArrowTemplate" namespace="MulerTech\MTerm\Form\Field\Template">
          <metrics complexity="1" methods="1" coveredmethods="1" conditionals="0" coveredconditionals="0" statements="3" coveredstatements="3" elements="4" coveredelements="4"/>
        </class>
        <line num="14" type="method" name="__construct" visibility="public" complexity="1" crap="1" count="1"/>
        <line num="16" type="stmt" count="1"/>
        <line num="17" type="stmt" count="1"/>
        <line num="18" type="stmt" count="1"/>
        <metrics loc="21" ncloc="16" classes="1" methods="1" coveredmethods="1" conditionals="0" coveredconditionals="0" statements="3" coveredstatements="3" elements="4" coveredelements="4"/>
      </file>
    </package>
    <package name="MulerTech\MTerm\Form">
      <file name="/home/runner/work/mterm/mterm/src/Form/Form.php">
        <class name="MulerTech\MTerm\Form\Form" namespace="MulerTech\MTerm\Form">
          <metrics complexity="11" methods="8" coveredmethods="8" conditionals="0" coveredconditionals="0" statements="22" coveredstatements="22" elements="30" coveredelements="30"/>
        </class>
        <line num="31" type="method" name="__construct" visibility="public" complexity="1" crap="1" count="10"/>
        <line num="33" type="stmt" count="10"/>
        <line num="42" type="method" name="addField" visibility="public" complexity="1" crap="1" count="10"/>
        <line num="44" type="stmt" count="10"/>
        <line num="45" type="stmt" count="10"/>
        <line num="53" type="method" name="handle" visibility="public" complexity="2" crap="2" count="10"/>
        <line num="55" type="stmt" count="10"/>
        <line num="56" type="stmt" count="10"/>
        <line num="57" type="stmt" count="10"/>
        <line num="59" type="stmt" count="10"/>
        <line num="60" type="stmt" count="10"/>
        <line num="63" type="stmt" count="10"/>
        <line num="66" type="method" name="handleField" visibility="private" complexity="3" crap="3" count="10"/>
        <line num="68" type="stmt" count="10"/>
        <line num="69" type="stmt" count="10"/>
        <line num="72" type="stmt" count="10"/>
        <line num="73" type="stmt" count="10"/>
        <line num="75" type="stmt" count="10"/>
        <line num="76" type="stmt" count="10"/>
        <line num="77" type="stmt" count="1"/>
        <line num="78" type="stmt" count="1"/>
        <line num="79" type="stmt" count="1"/>
        <line num="88" type="method" name="isSubmitted" visibility="public" complexity="1" crap="1" count="1"/>
        <line num="90" type="stmt" count="1"/>
        <line num="98" type="method" name="isValid" visibility="public" complexity="1" crap="1" count="1"/>
        <line num="100" type="stmt" count="1"/>
        <line num="108" type="method" name="getValues" visibility="public" complexity="1" crap="1" count="10"/>
        <line num="110" type="stmt" count="10"/>
        <line num="119" type="method" name="getValue" visibility="public" complexity="1" crap="1" count="1"/>
        <line num="121" type="stmt" count="1"/>
        <metrics loc="124" ncloc="78" classes="1" methods="8" coveredmethods="8" conditionals="0" coveredconditionals="0" statements="22" coveredstatements="22" elements="30" coveredelements="30"/>
      </file>
      <file name="/home/runner/work/mterm/mterm/src/Form/FormRenderer.php">
        <class name="MulerTech\MTerm\Form\FormRenderer" namespace="MulerTech\MTerm\Form">
          <metrics complexity="13" methods="5" coveredmethods="5" conditionals="0" coveredconditionals="0" statements="21" coveredstatements="21" elements="26" coveredelements="26"/>
        </class>
        <line num="22" type="method" name="__construct" visibility="public" complexity="1" crap="1" count="11"/>
        <line num="24" type="stmt" count="11"/>
        <line num="31" type="method" name="renderField" visibility="public" complexity="7" crap="7" count="10"/>
        <line num="33" type="stmt" count="10"/>
        <line num="34" type="stmt" count="10"/>
        <line num="36" type="stmt" count="10"/>
        <line num="38" type="stmt" count="10"/>
        <line num="39" type="stmt" count="4"/>
        <line num="42" type="stmt" count="10"/>
        <line num="43" type="stmt" count="2"/>
        <line num="46" type="stmt" count="8"/>
        <line num="47" type="stmt" count="5"/>
        <line num="48" type="stmt" count="5"/>
        <line num="51" type="stmt" count="3"/>
        <line num="52" type="stmt" count="3"/>
        <line num="54" type="stmt" count="3"/>
        <line num="61" type="method" name="renderErrors" visibility="public" complexity="2" crap="2" count="1"/>
        <line num="63" type="stmt" count="1"/>
        <line num="65" type="stmt" count="1"/>
        <line num="66" type="stmt" count="1"/>
        <line num="73" type="method" name="clear" visibility="public" complexity="1" crap="1" count="9"/>
        <line num="75" type="stmt" count="9"/>
        <line num="82" type="method" name="buildPrompt" visibility="private" complexity="2" crap="2" count="10"/>
        <line num="84" type="stmt" count="10"/>
        <line num="85" type="stmt" count="10"/>
        <line num="86" type="stmt" count="10"/>
        <metrics loc="89" ncloc="66" classes="1" methods="5" coveredmethods="5" conditionals="0" coveredconditionals="0" statements="21" coveredstatements="21" elements="26" coveredelements="26"/>
      </file>
    </package>
    <package name="MulerTech\MTerm\Form\Validator">
      <file name="/home/runner/work/mterm/mterm/src/Form/Validator/AbstractValidator.php">
        <class name="MulerTech\MTerm\Form\Validator\AbstractValidator" namespace="MulerTech\MTerm\Form\Validator">
          <metrics complexity="2" methods="2" coveredmethods="2" conditionals="0" coveredconditionals="0" statements="2" coveredstatements="2" elements="4" coveredelements="4"/>
        </class>
        <line num="17" type="method" name="__construct" visibility="public" complexity="1" crap="1" count="70"/>
        <line num="19" type="stmt" count="70"/>
        <line num="25" type="method" name="getErrorMessage" visibility="public" complexity="1" crap="1" count="1"/>
        <line num="27" type="stmt" count="1"/>
        <metrics loc="30" ncloc="19" classes="1" methods="2" coveredmethods="2" conditionals="0" coveredconditionals="0" statements="2" coveredstatements="2" elements="4" coveredelements="4"/>
      </file>
      <file name="/home/runner/work/mterm/mterm/src/Form/Validator/ChoiceValidator.php">
        <class name="MulerTech\MTerm\Form\Validator\ChoiceValidator" namespace="MulerTech\MTerm\Form\Validator">
          <metrics complexity="5" methods="2" coveredmethods="2" conditionals="0" coveredconditionals="0" statements="8" coveredstatements="8" elements="10" coveredelements="10"/>
        </class>
        <line num="23" type="method" name="__construct" visibility="public" complexity="1" crap="1" count="8"/>
        <line num="28" type="stmt" count="8"/>
        <line num="29" type="stmt" count="8"/>
        <line num="30" type="stmt" count="8"/>
        <line num="37" type="method" name="validate" visibility="public" complexity="4" crap="4" count="8"/>
        <line num="39" type="stmt" count="8"/>
        <line num="40" type="stmt" count="2"/>
        <line num="43" type="stmt" count="7"/>
        <line num="44" type="stmt" count="5"/>
        <line num="47" type="stmt" count="4"/>
        <metrics loc="50" ncloc="33" classes="1" methods="2" coveredmethods="2" conditionals="0" coveredconditionals="0" statements="8" coveredstatements="8" elements="10" coveredelements="10"/>
      </file>
      <file name="/home/runner/work/mterm/mterm/src/Form/Validator/DateValidator.php">
        <class name="MulerTech\MTerm\Form\Validator\DateValidator" namespace="MulerTech\MTerm\Form\Validator">
          <metrics complexity="12" methods="2" coveredmethods="2" conditionals="0" coveredconditionals="0" statements="25" coveredstatements="25" elements="27" coveredelements="27"/>
        </class>
        <line num="25" type="method" name="__construct" visibility="public" complexity="2" crap="2" count="6"/>
        <line num="31" type="stmt" count="6"/>
        <line num="32" type="stmt" count="6"/>
        <line num="33" type="stmt" count="6"/>
        <line num="35" type="stmt" count="6"/>
        <line num="36" type="stmt" count="6"/>
        <line num="39" type="stmt" count="6"/>
        <line num="46" type="method" name="validate" visibility="public" complexity="10" crap="10" count="6"/>
        <line num="48" type="stmt" count="6"/>
        <line num="49" type="stmt" count="1"/>
        <line num="52" type="stmt" count="5"/>
        <line num="53" type="stmt" count="5"/>
        <line num="54" type="stmt" count="2"/>
        <line num="58" type="stmt" count="5"/>
        <line num="59" type="stmt" count="5"/>
        <line num="60" type="stmt" count="1"/>
        <line num="63" type="stmt" count="4"/>
        <line num="64" type="stmt" count="1"/>
        <line num="65" type="stmt" count="1"/>
        <line num="66" type="stmt" count="1"/>
        <line num="67" type="stmt" count="1"/>
        <line num="71" type="stmt" count="4"/>
        <line num="72" type="stmt" count="1"/>
        <line num="73" type="stmt" count="1"/>
        <line num="74" type="stmt" count="1"/>
        <line num="75" type="stmt" count="1"/>
        <line num="79" type="stmt" count="4"/>
        <metrics loc="82" ncloc="66" classes="1" methods="2" coveredmethods="2" conditionals="0" coveredconditionals="0" statements="25" coveredstatements="25" elements="27" coveredelements="27"/>
      </file>
      <file name="/home/runner/work/mterm/mterm/src/Form/Validator/EmailValidator.php">
        <class name="MulerTech\MTerm\Form\Validator\EmailValidator" namespace="MulerTech\MTerm\Form\Validator">
          <metrics complexity="5" methods="2" coveredmethods="2" conditionals="0" coveredconditionals="0" statements="6" coveredstatements="6" elements="8" coveredelements="8"/>
        </class>
        <line num="15" type="method" name="__construct" visibility="public" complexity="1" crap="1" count="4"/>
        <line num="17" type="stmt" count="4"/>
        <line num="24" type="method" name="validate" visibility="public" complexity="4" crap="4" count="4"/>
        <line num="26" type="stmt" count="4"/>
        <line num="27" type="stmt" count="1"/>
        <line num="30" type="stmt" count="3"/>
        <line num="31" type="stmt" count="2"/>
        <line num="34" type="stmt" count="1"/>
        <metrics loc="37" ncloc="25" classes="1" methods="2" coveredmethods="2" conditionals="0" coveredconditionals="0" statements="6" coveredstatements="6" elements="8" coveredelements="8"/>
      </file>
      <file name="/home/runner/work/mterm/mterm/src/Form/Validator/IpAddressValidator.php">
        <class name="MulerTech\MTerm\Form\Validator\IpAddressValidator" namespace="MulerTech\MTerm\Form\Validator">
          <metrics complexity="9" methods="2" coveredmethods="2" conditionals="0" coveredconditionals="0" statements="15" coveredstatements="15" elements="17" coveredelements="17"/>
        </class>
        <line num="21" type="method" name="__construct" visibility="public" complexity="5" crap="5" count="10"/>
        <line num="28" type="stmt" count="10"/>
        <line num="29" type="stmt" count="10"/>
        <line num="30" type="stmt" count="1"/>
        <line num="32" type="stmt" count="10"/>
        <line num="33" type="stmt" count="2"/>
        <line num="35" type="stmt" count="10"/>
        <line num="36" type="stmt" count="2"/>
        <line num="38" type="stmt" count="10"/>
        <line num="39" type="stmt" count="1"/>
        <line num="42" type="stmt" count="10"/>
        <line num="49" type="method" name="validate" visibility="public" complexity="4" crap="4" count="10"/>
        <line num="51" type="stmt" count="10"/>
        <line num="52" type="stmt" count="1"/>
        <line num="55" type="stmt" count="9"/>
        <line num="56" type="stmt" count="7"/>
        <line num="59" type="stmt" count="7"/>
        <metrics loc="62" ncloc="46" classes="1" methods="2" coveredmethods="2" conditionals="0" coveredconditionals="0" statements="15" coveredstatements="15" elements="17" coveredelements="17"/>
      </file>
      <file name="/home/runner/work/mterm/mterm/src/Form/Validator/LengthValidator.php">
        <class name="MulerTech\MTerm\Form\Validator\LengthValidator" namespace="MulerTech\MTerm\Form\Validator">
          <metrics complexity="13" methods="2" coveredmethods="2" conditionals="0" coveredconditionals="0" statements="19" coveredstatements="19" elements="21" coveredelements="21"/>
        </class>
        <line num="20" type="method" name="__construct" visibility="public" complexity="6" crap="6" count="9"/>
        <line num="25" type="stmt" count="9"/>
        <line num="26" type="stmt" count="9"/>
        <line num="28" type="stmt" count="9"/>
        <line num="29" type="stmt" count="8"/>
        <line num="30" type="stmt" count="5"/>
        <line num="31" type="stmt" count="3"/>
        <line num="32" type="stmt" count="1"/>
        <line num="33" type="stmt" count="2"/>
        <line num="34" type="stmt" count="1"/>
        <line num="36" type="stmt" count="1"/>
        <line num="40" type="stmt" count="9"/>
        <line num="47" type="method" name="validate" visibility="public" complexity="7" crap="7" count="9"/>
        <line num="49" type="stmt" count="9"/>
        <line num="50" type="stmt" count="3"/>
        <line num="53" type="stmt" count="8"/>
        <line num="55" type="stmt" count="8"/>
        <line num="56" type="stmt" count="5"/>
        <line num="59" type="stmt" count="8"/>
        <line num="60" type="stmt" count="6"/>
        <line num="63" type="stmt" count="7"/>
        <metrics loc="66" ncloc="52" classes="1" methods="2" coveredmethods="2" conditionals="0" coveredconditionals="0" statements="19" coveredstatements="19" elements="21" coveredelements="21"/>
      </file>
      <file name="/home/runner/work/mterm/mterm/src/Form/Validator/NotEmptyValidator.php">
        <class name="MulerTech\MTerm\Form\Validator\NotEmptyValidator" namespace="MulerTech\MTerm\Form\Validator">
          <metrics complexity="6" methods="2" coveredmethods="2" conditionals="0" coveredconditionals="0" statements="4" coveredstatements="4" elements="6" coveredelements="6"/>
        </class>
        <line num="15" type="method" name="__construct" visibility="public" complexity="1" crap="1" count="10"/>
        <line num="17" type="stmt" count="10"/>
        <line num="24" type="method" name="validate" visibility="public" complexity="5" crap="5" count="10"/>
        <line num="26" type="stmt" count="10"/>
        <line num="27" type="stmt" count="4"/>
        <line num="30" type="stmt" count="6"/>
        <metrics loc="33" ncloc="21" classes="1" methods="2" coveredmethods="2" conditionals="0" coveredconditionals="0" statements="4" coveredstatements="4" elements="6" coveredelements="6"/>
      </file>
      <file name="/home/runner/work/mterm/mterm/src/Form/Validator/NumericRangeValidator.php">
        <class name="MulerTech\MTerm\Form\Validator\NumericRangeValidator" namespace="MulerTech\MTerm\Form\Validator">
          <metrics complexity="14" methods="2" coveredmethods="2" conditionals="0" coveredconditionals="0" statements="21" coveredstatements="21" elements="23" coveredelements="23"/>
        </class>
        <line num="20" type="method" name="__construct" visibility="public" complexity="6" crap="6" count="10"/>
        <line num="25" type="stmt" count="10"/>
        <line num="26" type="stmt" count="10"/>
        <line num="28" type="stmt" count="10"/>
        <line num="29" type="stmt" count="9"/>
        <line num="30" type="stmt" count="6"/>
        <line num="31" type="stmt" count="3"/>
        <line num="32" type="stmt" count="1"/>
        <line num="33" type="stmt" count="2"/>
        <line num="34" type="stmt" count="1"/>
        <line num="36" type="stmt" count="1"/>
        <line num="40" type="stmt" count="10"/>
        <line num="47" type="method" name="validate" visibility="public" complexity="8" crap="8" count="10"/>
        <line num="49" type="stmt" count="10"/>
        <line num="50" type="stmt" count="1"/>
        <line num="53" type="stmt" count="9"/>
        <line num="54" type="stmt" count="1"/>
        <line num="57" type="stmt" count="8"/>
        <line num="59" type="stmt" count="8"/>
        <line num="60" type="stmt" count="6"/>
        <line num="63" type="stmt" count="8"/>
        <line num="64" type="stmt" count="6"/>
        <line num="67" type="stmt" count="7"/>
        <metrics loc="70" ncloc="56" classes="1" methods="2" coveredmethods="2" conditionals="0" coveredconditionals="0" statements="21" coveredstatements="21" elements="23" coveredelements="23"/>
      </file>
      <file name="/home/runner/work/mterm/mterm/src/Form/Validator/PatternValidator.php">
        <class name="MulerTech\MTerm\Form\Validator\PatternValidator" namespace="MulerTech\MTerm\Form\Validator">
          <metrics complexity="5" methods="2" coveredmethods="2" conditionals="0" coveredconditionals="0" statements="7" coveredstatements="7" elements="9" coveredelements="9"/>
        </class>
        <line num="18" type="method" name="__construct" visibility="public" complexity="1" crap="1" count="8"/>
        <line num="20" type="stmt" count="8"/>
        <line num="21" type="stmt" count="8"/>
        <line num="28" type="method" name="validate" visibility="public" complexity="4" crap="4" count="8"/>
        <line num="30" type="stmt" count="8"/>
        <line num="31" type="stmt" count="1"/>
        <line num="34" type="stmt" count="7"/>
        <line num="35" type="stmt" count="6"/>
        <line num="38" type="stmt" count="5"/>
        <metrics loc="41" ncloc="28" classes="1" methods="2" coveredmethods="2" conditionals="0" coveredconditionals="0" statements="7" coveredstatements="7" elements="9" coveredelements="9"/>
      </file>
      <file name="/home/runner/work/mterm/mterm/src/Form/Validator/RegexValidator.php">
        <class name="MulerTech\MTerm\Form\Validator\RegexValidator" namespace="MulerTech\MTerm\Form\Validator">
          <metrics complexity="5" methods="2" coveredmethods="2" conditionals="0" coveredconditionals="0" statements="7" coveredstatements="7" elements="9" coveredelements="9"/>
        </class>
        <line num="18" type="method" name="__construct" visibility="public" complexity="1" crap="1" count="4"/>
        <line num="22" type="stmt" count="4"/>
        <line num="23" type="stmt" count="4"/>
        <line num="30" type="method" name="validate" visibility="public" complexity="4" crap="4" count="4"/>
        <line num="32" type="stmt" count="4"/>
        <line num="33" type="stmt" count="1"/>
        <line num="36" type="stmt" count="3"/>
        <line num="37" type="stmt" count="3"/>
        <line num="40" type="stmt" count="1"/>
        <metrics loc="43" ncloc="30" classes="1" methods="2" coveredmethods="2" conditionals="0" coveredconditionals="0" statements="7" coveredstatements="7" elements="9" coveredelements="9"/>
      </file>
    </package>
    <file name="/home/runner/work/mterm/mterm/src/Form/Validator/ValidatorInterface.php">
      <metrics loc="20" ncloc="9" classes="0" methods="0" coveredmethods="0" conditionals="0" coveredconditionals="0" statements="0" coveredstatements="0" elements="0" coveredelements="0"/>
    </file>
    <package name="MulerTech\MTerm\Utils">
      <file name="/home/runner/work/mterm/mterm/src/Utils/ProgressBar.php">
        <class name="MulerTech\MTerm\Utils\ProgressBar" namespace="MulerTech\MTerm\Utils">
          <metrics complexity="10" methods="6" coveredmethods="6" conditionals="0" coveredconditionals="0" statements="29" coveredstatements="29" elements="35" coveredelements="35"/>
        </class>
        <line num="31" type="method" name="__construct" visibility="public" complexity="1" crap="1" count="9"/>
        <line num="39" type="stmt" count="9"/>
        <line num="40" type="stmt" count="9"/>
        <line num="41" type="stmt" count="9"/>
        <line num="42" type="stmt" count="9"/>
        <line num="43" type="stmt" count="9"/>
        <line num="44" type="stmt" count="9"/>
        <line num="45" type="stmt" count="9"/>
        <line num="53" type="method" name="start" visibility="public" complexity="1" crap="1" count="7"/>
        <line num="55" type="stmt" count="7"/>
        <line num="56" type="stmt" count="7"/>
        <line num="57" type="stmt" count="7"/>
        <line num="66" type="method" name="advance" visibility="public" complexity="2" crap="2" count="3"/>
        <line num="68" type="stmt" count="3"/>
        <line num="69" type="stmt" count="3"/>
        <line num="70" type="stmt" count="1"/>
        <line num="72" type="stmt" count="3"/>
        <line num="81" type="method" name="setProgress" visibility="public" complexity="1" crap="1" count="4"/>
        <line num="83" type="stmt" count="4"/>
        <line num="84" type="stmt" count="4"/>
        <line num="92" type="method" name="finish" visibility="public" complexity="1" crap="1" count="1"/>
        <line num="94" type="stmt" count="1"/>
        <line num="95" type="stmt" count="1"/>
        <line num="96" type="stmt" count="1"/>
        <line num="104" type="method" name="draw" visibility="private" complexity="4" crap="4" count="9"/>
        <line num="106" type="stmt" count="9"/>
        <line num="107" type="stmt" count="9"/>
        <line num="109" type="stmt" count="9"/>
        <line num="110" type="stmt" count="9"/>
        <line num="112" type="stmt" count="9"/>
        <line num="113" type="stmt" count="9"/>
        <line num="114" type="stmt" count="7"/>
        <line num="115" type="stmt" count="7"/>
        <line num="118" type="stmt" count="9"/>
        <line num="120" type="stmt" count="9"/>
        <metrics loc="123" ncloc="83" classes="1" methods="6" coveredmethods="6" conditionals="0" coveredconditionals="0" statements="29" coveredstatements="29" elements="35" coveredelements="35"/>
      </file>
      <file name="/home/runner/work/mterm/mterm/src/Utils/TableFormatter.php">
        <class name="MulerTech\MTerm\Utils\TableFormatter" namespace="MulerTech\MTerm\Utils">
          <metrics complexity="13" methods="5" coveredmethods="5" conditionals="0" coveredconditionals="0" statements="44" coveredstatements="44" elements="49" coveredelements="49"/>
        </class>
        <line num="27" type="method" name="__construct" visibility="public" complexity="1" crap="1" count="2"/>
        <line num="34" type="stmt" count="2"/>
        <line num="35" type="stmt" count="2"/>
        <line num="36" type="stmt" count="2"/>
        <line num="37" type="stmt" count="2"/>
        <line num="38" type="stmt" count="2"/>
        <line num="48" type="method" name="renderTable" visibility="public" complexity="2" crap="2" count="1"/>
        <line num="50" type="stmt" count="1"/>
        <line num="52" type="stmt" count="1"/>
        <line num="53" type="stmt" count="1"/>
        <line num="54" type="stmt" count="1"/>
        <line num="56" type="stmt" count="1"/>
        <line num="57" type="stmt" count="1"/>
        <line num="60" type="stmt" count="1"/>
        <line num="70" type="method" name="calculateColumnWidths" visibility="private" complexity="4" crap="4" count="2"/>
        <line num="72" type="stmt" count="2"/>
        <line num="73" type="stmt" count="2"/>
        <line num="76" type="stmt" count="2"/>
        <line num="77" type="stmt" count="2"/>
        <line num="78" type="stmt" count="2"/>
        <line num="81" type="stmt" count="2"/>
        <line num="82" type="stmt" count="2"/>
        <line num="83" type="stmt" count="2"/>
        <line num="84" type="stmt" count="2"/>
        <line num="85" type="stmt" count="2"/>
        <line num="86" type="stmt" count="2"/>
        <line num="91" type="stmt" count="2"/>
        <line num="100" type="method" name="drawSeparator" visibility="private" complexity="2" crap="2" count="1"/>
        <line num="102" type="stmt" count="1"/>
        <line num="103" type="stmt" count="1"/>
        <line num="104" type="stmt" count="1"/>
        <line num="106" type="stmt" count="1"/>
        <line num="118" type="method" name="drawRow" visibility="private" complexity="4" crap="4" count="1"/>
        <line num="120" type="stmt" count="1"/>
        <line num="121" type="stmt" count="1"/>
        <line num="122" type="stmt" count="1"/>
        <line num="123" type="stmt" count="1"/>
        <line num="124" type="stmt" count="1"/>
        <line num="125" type="stmt" count="1"/>
        <line num="126" type="stmt" count="1"/>
        <line num="127" type="stmt" count="1"/>
        <line num="130" type="stmt" count="1"/>
        <line num="132" type="stmt" count="1"/>
        <line num="133" type="stmt" count="1"/>
        <line num="135" type="stmt" count="1"/>
        <line num="136" type="stmt" count="1"/>
        <line num="137" type="stmt" count="1"/>
        <line num="139" type="stmt" count="1"/>
        <line num="142" type="stmt" count="1"/>
        <metrics loc="145" ncloc="101" classes="1" methods="5" coveredmethods="5" conditionals="0" coveredconditionals="0" statements="44" coveredstatements="44" elements="49" coveredelements="49"/>
      </file>
    </package>
    <metrics files="37" loc="2776" ncloc="1898" classes="34" methods="136" coveredmethods="136" conditionals="0" coveredconditionals="0" statements="606" coveredstatements="606" elements="742" coveredelements="742"/>
  </project>
</coverage>
